videoPlay/build 2/intermediates/manifest_merge_blame_file/debug/manifest-merger-blame-debug-report.txt
1<?xml version="1.0" encoding="utf-8"?>
2<manifest xmlns:android="http://schemas.android.com/apk/res/android"
3    xmlns:tools="http://schemas.android.com/tools"
4    package="com.fengsheng.videoplay" >
5
6    <uses-sdk
7        android:minSdkVersion="29"
7-->src/main/AndroidManifest.xml
8        android:targetSdkVersion="32" />
8-->src/main/AndroidManifest.xml
9
10    <uses-permission android:name="android.permission.INTERNET" />
10-->src/main/AndroidManifest.xml:4:5-66
10-->src/main/AndroidManifest.xml:4:22-64
11    <uses-permission
11-->src/main/AndroidManifest.xml:5:5-6:40
12        android:name="android.permission.WRITE_EXTERNAL_STORAGE"
12-->src/main/AndroidManifest.xml:5:22-78
13        tools:ignore="ScopedStorage" />
13-->src/main/AndroidManifest.xml:6:9-37
14
15    <application>
15-->src/main/AndroidManifest.xml:8:5-13:19
16        <activity
16-->src/main/AndroidManifest.xml:9:9-12:50
17            android:name="com.fengsheng.videoplay.VideoPlayActivity"
17-->src/main/AndroidManifest.xml:10:13-46
18            android:exported="true"
18-->src/main/AndroidManifest.xml:11:13-36
19            android:usesCleartextTraffic="true" />
19-->src/main/AndroidManifest.xml:12:13-48
20    </application>
21
22</manifest>